Sportgym_app/app/build/intermediates/manifest_merge_blame_file/debug/manifest-merger-blame-debug-report.txt
1<?xml version="1.0" encoding="utf-8"?>
2<manifest xmlns:android="http://schemas.android.com/apk/res/android"
3    package="com.example.sportgym"
4    android:versionCode="1"
5    android:versionName="1.0" >
6
7    <uses-sdk
8        android:minSdkVersion="19"
8-->src\main\AndroidManifest.xml
9        android:targetSdkVersion="29" />
9-->src\main\AndroidManifest.xml
10
11    <uses-permission android:name="android.permission.WAKE_LOCK" />
11-->src\main\AndroidManifest.xml:5:5-68
11-->src\main\AndroidManifest.xml:5:22-65
12    <uses-permission android:name="android.permission.INTERNET" />
12-->src\main\AndroidManifest.xml:6:5-67
12-->src\main\AndroidManifest.xml:6:22-64
13    <uses-permission android:name="android.permission.ACCESS_NETWORK_STATE" />
13-->src\main\AndroidManifest.xml:7:5-79
13-->src\main\AndroidManifest.xml:7:22-76
14    <uses-permission android:name="android.permission.READ_PHONE_STATE" />
14-->src\main\AndroidManifest.xml:8:5-75
14-->src\main\AndroidManifest.xml:8:22-72
15    <uses-permission android:name="android.permission.WRITE_EXTERNAL_STORAGE" />
15-->src\main\AndroidManifest.xml:9:5-80
15-->src\main\AndroidManifest.xml:9:22-78
16
17    <application
17-->src\main\AndroidManifest.xml:11:5-35:19
18        android:allowBackup="true"
18-->src\main\AndroidManifest.xml:12:9-35
19        android:appComponentFactory="androidx.core.app.CoreComponentFactory"
19-->[androidx.core:core:1.1.0] AndroidManifest.xml:24:18-86
20        android:debuggable="true"
21        android:icon="@mipmap/ic_launcher"
21-->src\main\AndroidManifest.xml:13:9-43
22        android:label="@string/app_name"
22-->src\main\AndroidManifest.xml:14:9-41
23        android:requestLegacyExternalStorage="true"
23-->src\main\AndroidManifest.xml:19:9-52
24        android:roundIcon="@mipmap/ic_launcher_round"
24-->src\main\AndroidManifest.xml:15:9-54
25        android:supportsRtl="true"
25-->src\main\AndroidManifest.xml:16:9-35
26        android:testOnly="true"
27        android:theme="@style/AppTheme"
27-->src\main\AndroidManifest.xml:17:9-40
28        android:usesCleartextTraffic="true" > <!-- Permite usar os metodos descontinuados para guardar ficheiros externos -->
28-->src\main\AndroidManifest.xml:18:9-44
29        <activity android:name="com.example.sportgym.vistas.PlanoSelecionadoActivity" />
29-->src\main\AndroidManifest.xml:20:9-98
29-->src\main\AndroidManifest.xml:20:19-86
30        <activity android:name="com.example.sportgym.vistas.DadosPessoaisActivity" />
30-->src\main\AndroidManifest.xml:21:9-86
30-->src\main\AndroidManifest.xml:21:19-83
31        <activity android:name="com.example.sportgym.vistas.LoginActivity" >
31-->src\main\AndroidManifest.xml:22:9-28:20
31-->src\main\AndroidManifest.xml:22:19-75
32            <intent-filter>
32-->src\main\AndroidManifest.xml:23:13-27:29
33                <action android:name="android.intent.action.MAIN" />
33-->src\main\AndroidManifest.xml:24:17-69
33-->src\main\AndroidManifest.xml:24:25-66
34
35                <category android:name="android.intent.category.LAUNCHER" />
35-->src\main\AndroidManifest.xml:26:17-77
35-->src\main\AndroidManifest.xml:26:27-74
36            </intent-filter>
37        </activity>
38        <activity android:name="com.example.sportgym.vistas.MapasAulasActivity" />
38-->src\main\AndroidManifest.xml:29:9-30:77
38-->src\main\AndroidManifest.xml:30:13-74
39        <activity android:name="com.example.sportgym.vistas.BemEstarActivity" />
39-->src\main\AndroidManifest.xml:31:9-81
39-->src\main\AndroidManifest.xml:31:19-78
40        <activity android:name="com.example.sportgym.vistas.MainActivity" />
40-->src\main\AndroidManifest.xml:32:9-77
40-->src\main\AndroidManifest.xml:32:19-74
41
42        <service android:name="org.eclipse.paho.android.service.MqttService" />
42-->src\main\AndroidManifest.xml:34:9-80
42-->src\main\AndroidManifest.xml:34:18-77
43    </application>
44
45</manifest>